<?xml version="1.0" encoding="UTF-8"?>
<!-- Generated by org.testng.reporters.JUnitReportReporter -->
<testsuite hostname="Axleyy" failures="0" tests="1" name="com.sqcm.Selenium_01.tests.Scenario5Test" time="54.715" errors="0" timestamp="2023-11-21T15:39:01 GMT-05:00" skipped="0">
  <testcase classname="com.sqcm.Selenium_01.tests.Scenario5Test" name="scenario5" time="54.715"/>
</testsuite> <!-- com.sqcm.Selenium_01.tests.Scenario5Test -->
