<?xml version="1.0" encoding="UTF-8"?>
<!-- Generated by org.testng.reporters.JUnitReportReporter -->
<testsuite hostname="Axleyy" failures="0" tests="1" name="com.sqcm.Selenium_01.tests.Scenario2Test" time="49.876" errors="0" timestamp="2023-11-21T07:39:36 GMT-05:00" skipped="0">
  <testcase classname="com.sqcm.Selenium_01.tests.Scenario2Test" name="scenario2" time="49.876"/>
</testsuite> <!-- com.sqcm.Selenium_01.tests.Scenario2Test -->
