<?xml version="1.0" encoding="UTF-8"?>
<!-- Generated by org.testng.reporters.JUnitReportReporter -->
<testsuite hostname="Axleyy" failures="0" tests="1" name="com.sqcm.Selenium_01.tests.Scenario5Test" time="49.339" errors="0" timestamp="2023-11-21T11:52:19 GMT-05:00" skipped="0">
  <testcase classname="com.sqcm.Selenium_01.tests.Scenario5Test" name="scenario5" time="49.339"/>
</testsuite> <!-- com.sqcm.Selenium_01.tests.Scenario5Test -->
