<?xml version="1.0" encoding="UTF-8"?>
<!-- Generated by org.testng.reporters.JUnitReportReporter -->
<testsuite hostname="Axleyy" failures="0" tests="1" name="com.sqcm.Selenium_01.tests.Scenario1Test" time="77.548" errors="0" timestamp="2023-11-21T11:52:19 GMT-05:00" skipped="0">
  <testcase classname="com.sqcm.Selenium_01.tests.Scenario1Test" name="scenario1" time="77.548"/>
</testsuite> <!-- com.sqcm.Selenium_01.tests.Scenario1Test -->
